--------------------------------------------------------------------------------
Marvellous Infosystem Process Logger: Sun Oct  1 14:02:56 2023
--------------------------------------------------------------------------------
{'username': 'NT AUTHORITY\\SYSTEM', 'pid': 0, 'name': 'System Idle Process', 'vms': 0.05859375}
{'username': 'NT AUTHORITY\\SYSTEM', 'pid': 4, 'name': 'System', 'vms': 0.0703125}
{'username': None, 'pid': 176, 'name': 'Registry', 'vms': 13.34375}
{'username': None, 'pid': 516, 'name': 'svchost.exe', 'vms': 3.37109375}
{'username': None, 'pid': 708, 'name': 'smss.exe', 'vms': 1.09765625}
{'username': 'DESKTOP-6PR7CQU\\Aditya', 'pid': 716, 'name': 'conhost.exe', 'vms': 1.328125}
{'username': None, 'pid': 820, 'name': 'csrss.exe', 'vms': 2.5625}
{'username': None, 'pid': 860, 'name': 'svchost.exe', 'vms': 6.50390625}
{'username': None, 'pid': 1104, 'name': 'wininit.exe', 'vms': 1.4609375}
{'username': 'DESKTOP-6PR7CQU\\Aditya', 'pid': 1112, 'name': 'chrome.exe', 'vms': 20.8359375}
{'username': None, 'pid': 1124, 'name': 'csrss.exe', 'vms': 2.80859375}
{'username': None, 'pid': 1172, 'name': 'services.exe', 'vms': 6.22265625}
{'username': None, 'pid': 1196, 'name': 'lsass.exe', 'vms': 8.9921875}
{'username': None, 'pid': 1212, 'name': 'svchost.exe', 'vms': 5.7734375}
{'username': None, 'pid': 1324, 'name': 'svchost.exe', 'vms': 11.34765625}
{'username': None, 'pid': 1340, 'name': 'fontdrvhost.exe', 'vms': 1.86328125}
{'username': None, 'pid': 1412, 'name': 'svchost.exe', 'vms': 8.05859375}
{'username': None, 'pid': 1436, 'name': 'WUDFHost.exe', 'vms': 5.24609375}
{'username': 'DESKTOP-6PR7CQU\\Aditya', 'pid': 1460, 'name': 'SystemSettings.exe', 'vms': 96.05859375}
{'username': None, 'pid': 1500, 'name': 'svchost.exe', 'vms': 2.83203125}
{'username': None, 'pid': 1536, 'name': 'WUDFHost.exe', 'vms': 9.63671875}
{'username': None, 'pid': 1624, 'name': 'winlogon.exe', 'vms': 2.3828125}
{'username': 'DESKTOP-6PR7CQU\\Aditya', 'pid': 1656, 'name': 'msedgewebview2.exe', 'vms': 2.140625}
{'username': None, 'pid': 1676, 'name': 'fontdrvhost.exe', 'vms': 2.609375}
{'username': None, 'pid': 1752, 'name': 'dwm.exe', 'vms': 178.63671875}
{'username': None, 'pid': 1836, 'name': 'svchost.exe', 'vms': 6.05859375}
{'username': None, 'pid': 1852, 'name': 'svchost.exe', 'vms': 2.23828125}
{'username': None, 'pid': 1868, 'name': 'svchost.exe', 'vms': 2.765625}
{'username': None, 'pid': 1888, 'name': 'svchost.exe', 'vms': 3.21875}
{'username': None, 'pid': 1972, 'name': 'svchost.exe', 'vms': 2.8828125}
{'username': None, 'pid': 1996, 'name': 'svchost.exe', 'vms': 2.08984375}
{'username': None, 'pid': 2000, 'name': 'svchost.exe', 'vms': 2.59375}
{'username': None, 'pid': 2056, 'name': 'svchost.exe', 'vms': 2.20703125}
{'username': None, 'pid': 2152, 'name': 'svchost.exe', 'vms': 3.61328125}
{'username': None, 'pid': 2188, 'name': 'svchost.exe', 'vms': 1.54296875}
{'username': 'DESKTOP-6PR7CQU\\Aditya', 'pid': 2236, 'name': 'powershell.exe', 'vms': 51.08984375}
{'username': None, 'pid': 2284, 'name': 'svchost.exe', 'vms': 2.796875}
{'username': None, 'pid': 2300, 'name': 'IntelCpHDCPSvc.exe', 'vms': 1.1875}
{'username': None, 'pid': 2308, 'name': 'svchost.exe', 'vms': 2.5625}
{'username': None, 'pid': 2320, 'name': 'svchost.exe', 'vms': 2.5859375}
{'username': None, 'pid': 2388, 'name': 'svchost.exe', 'vms': 1.3359375}
{'username': 'DESKTOP-6PR7CQU\\Aditya', 'pid': 2408, 'name': 'python3.10.exe', 'vms': 17.87890625}
{'username': None, 'pid': 2432, 'name': 'svchost.exe', 'vms': 1.80859375}
{'username': None, 'pid': 2652, 'name': 'svchost.exe', 'vms': 3.078125}
{'username': None, 'pid': 2708, 'name': 'svchost.exe', 'vms': 1.96484375}
{'username': None, 'pid': 2740, 'name': 'svchost.exe', 'vms': 1.7890625}
{'username': None, 'pid': 2808, 'name': 'svchost.exe', 'vms': 7.78515625}
{'username': None, 'pid': 2840, 'name': 'svchost.exe', 'vms': 1.703125}
{'username': 'DESKTOP-6PR7CQU\\Aditya', 'pid': 2932, 'name': 'mcafee-security-ft.exe', 'vms': 2.9453125}
{'username': None, 'pid': 2960, 'name': 'igfxCUIServiceN.exe', 'vms': 2.140625}
{'username': 'DESKTOP-6PR7CQU\\Aditya', 'pid': 3044, 'name': 'Code.exe', 'vms': 194.4765625}
{'username': None, 'pid': 3144, 'name': 'svchost.exe', 'vms': 1.8984375}
{'username': None, 'pid': 3184, 'name': 'svchost.exe', 'vms': 14.8125}
{'username': None, 'pid': 3360, 'name': 'svchost.exe', 'vms': 8.35546875}
{'username': None, 'pid': 3368, 'name': 'svchost.exe', 'vms': 1.24609375}
{'username': None, 'pid': 3528, 'name': 'NVDisplay.Container.exe', 'vms': 7.26953125}
{'username': None, 'pid': 3560, 'name': 'svchost.exe', 'vms': 16.6015625}
{'username': None, 'pid': 3588, 'name': 'svchost.exe', 'vms': 2.78125}
{'username': None, 'pid': 3596, 'name': 'svchost.exe', 'vms': 1.1640625}
{'username': 'DESKTOP-6PR7CQU\\Aditya', 'pid': 3620, 'name': 'chrome.exe', 'vms': 93.0234375}
{'username': None, 'pid': 3652, 'name': 'svchost.exe', 'vms': 2.4921875}
{'username': None, 'pid': 3660, 'name': 'svchost.exe', 'vms': 1.94140625}
{'username': None, 'pid': 3668, 'name': 'MemCompression', 'vms': 1.33203125}
{'username': 'DESKTOP-6PR7CQU\\Aditya', 'pid': 3852, 'name': 'Code.exe', 'vms': 229.38671875}
{'username': 'DESKTOP-6PR7CQU\\Aditya', 'pid': 3912, 'name': 'nvcontainer.exe', 'vms': 9.0546875}
{'username': None, 'pid': 3960, 'name': 'svchost.exe', 'vms': 4.3515625}
{'username': None, 'pid': 4000, 'name': 'svchost.exe', 'vms': 1.38671875}
{'username': 'DESKTOP-6PR7CQU\\Aditya', 'pid': 4080, 'name': 'Code.exe', 'vms': 57.14453125}
{'username': None, 'pid': 4124, 'name': 'NVDisplay.Container.exe', 'vms': 50.90234375}
{'username': None, 'pid': 4176, 'name': 'svchost.exe', 'vms': 16.09765625}
{'username': None, 'pid': 4248, 'name': 'svchost.exe', 'vms': 13.2421875}
{'username': 'DESKTOP-6PR7CQU\\Aditya', 'pid': 4260, 'name': 'chrome.exe', 'vms': 35.61328125}
{'username': None, 'pid': 4300, 'name': 'svchost.exe', 'vms': 2.52734375}
{'username': None, 'pid': 4408, 'name': 'WmiPrvSE.exe', 'vms': 44.40234375}
{'username': None, 'pid': 4468, 'name': 'svchost.exe', 'vms': 6.2578125}
{'username': None, 'pid': 4500, 'name': 'svchost.exe', 'vms': 2.99609375}
{'username': None, 'pid': 4656, 'name': 'svchost.exe', 'vms': 4.34765625}
{'username': None, 'pid': 4712, 'name': 'wlanext.exe', 'vms': 1.32421875}
{'username': None, 'pid': 4720, 'name': 'conhost.exe', 'vms': 5.11328125}
{'username': None, 'pid': 4724, 'name': 'svchost.exe', 'vms': 1.8515625}
{'username': None, 'pid': 4784, 'name': 'svchost.exe', 'vms': 2.41796875}
{'username': 'DESKTOP-6PR7CQU\\Aditya', 'pid': 4816, 'name': 'msedgewebview2.exe', 'vms': 126.640625}
{'username': 'DESKTOP-6PR7CQU\\Aditya', 'pid': 4892, 'name': 'msedgewebview2.exe', 'vms': 10.0625}
{'username': None, 'pid': 5076, 'name': 'spoolsv.exe', 'vms': 5.703125}
{'username': None, 'pid': 5188, 'name': 'EMON.EXE', 'vms': 9.88671875}
{'username': 'DESKTOP-6PR7CQU\\Aditya', 'pid': 5208, 'name': 'Code.exe', 'vms': 50.42578125}
{'username': None, 'pid': 5232, 'name': 'armsvc.exe', 'vms': 1.3359375}
{'username': None, 'pid': 5244, 'name': 'svchost.exe', 'vms': 3.83984375}
{'username': None, 'pid': 5252, 'name': 'AnyDesk.exe', 'vms': 20.12890625}
{'username': None, 'pid': 5272, 'name': 'svchost.exe', 'vms': 37.63671875}
{'username': None, 'pid': 5280, 'name': 'svchost.exe', 'vms': 17.97265625}
{'username': None, 'pid': 5296, 'name': 'OfficeClickToRun.exe', 'vms': 29.86328125}
{'username': None, 'pid': 5308, 'name': 'GoogleInputService.exe', 'vms': 1.66015625}
{'username': None, 'pid': 5336, 'name': 'svchost.exe', 'vms': 2.82421875}
{'username': None, 'pid': 5348, 'name': 'jhi_service.exe', 'vms': 1.265625}
{'username': None, 'pid': 5360, 'name': 'esif_uf.exe', 'vms': 1.92578125}
{'username': None, 'pid': 5384, 'name': 'svchost.exe', 'vms': 4.15234375}
{'username': None, 'pid': 5396, 'name': 'NahimicService.exe', 'vms': 3.08984375}
{'username': None, 'pid': 5412, 'name': 'nvcontainer.exe', 'vms': 12.109375}
{'username': None, 'pid': 5420, 'name': 'WEBPROT2.EXE', 'vms': 6.39453125}
