--------------------------------------------------------------------------------
Marvellous Infosystem Process Logger: Sun Oct  1 14:01:52 2023
--------------------------------------------------------------------------------
{'username': 'NT AUTHORITY\\SYSTEM', 'pid': 0, 'name': 'System Idle Process', 'vms': 0.05859375}
{'username': 'NT AUTHORITY\\SYSTEM', 'pid': 4, 'name': 'System', 'vms': 0.0703125}
{'username': None, 'pid': 176, 'name': 'Registry', 'vms': 13.328125}
{'username': None, 'pid': 516, 'name': 'svchost.exe', 'vms': 3.37109375}
{'username': None, 'pid': 708, 'name': 'smss.exe', 'vms': 1.09765625}
{'username': 'DESKTOP-6PR7CQU\\Aditya', 'pid': 716, 'name': 'conhost.exe', 'vms': 1.328125}
{'username': None, 'pid': 820, 'name': 'csrss.exe', 'vms': 2.5625}
{'username': None, 'pid': 860, 'name': 'svchost.exe', 'vms': 6.3515625}
{'username': None, 'pid': 1104, 'name': 'wininit.exe', 'vms': 1.4609375}
{'username': 'DESKTOP-6PR7CQU\\Aditya', 'pid': 1112, 'name': 'chrome.exe', 'vms': 20.76953125}
{'username': None, 'pid': 1124, 'name': 'csrss.exe', 'vms': 2.80859375}
{'username': None, 'pid': 1172, 'name': 'services.exe', 'vms': 6.2265625}
{'username': None, 'pid': 1196, 'name': 'lsass.exe', 'vms': 9.0546875}
{'username': None, 'pid': 1212, 'name': 'svchost.exe', 'vms': 5.73046875}
{'username': None, 'pid': 1324, 'name': 'svchost.exe', 'vms': 11.20703125}
{'username': None, 'pid': 1340, 'name': 'fontdrvhost.exe', 'vms': 1.86328125}
{'username': None, 'pid': 1412, 'name': 'svchost.exe', 'vms': 8.09765625}
{'username': None, 'pid': 1436, 'name': 'WUDFHost.exe', 'vms': 5.24609375}
{'username': 'DESKTOP-6PR7CQU\\Aditya', 'pid': 1460, 'name': 'SystemSettings.exe', 'vms': 96.05859375}
{'username': None, 'pid': 1500, 'name': 'svchost.exe', 'vms': 2.7890625}
{'username': None, 'pid': 1536, 'name': 'WUDFHost.exe', 'vms': 9.63671875}
{'username': None, 'pid': 1624, 'name': 'winlogon.exe', 'vms': 2.3828125}
{'username': 'DESKTOP-6PR7CQU\\Aditya', 'pid': 1656, 'name': 'msedgewebview2.exe', 'vms': 2.140625}
{'username': None, 'pid': 1676, 'name': 'fontdrvhost.exe', 'vms': 2.609375}
{'username': None, 'pid': 1752, 'name': 'dwm.exe', 'vms': 179.67578125}
{'username': None, 'pid': 1836, 'name': 'svchost.exe', 'vms': 5.92578125}
{'username': None, 'pid': 1852, 'name': 'svchost.exe', 'vms': 2.22265625}
{'username': None, 'pid': 1868, 'name': 'svchost.exe', 'vms': 2.765625}
{'username': None, 'pid': 1888, 'name': 'svchost.exe', 'vms': 3.26171875}
{'username': None, 'pid': 1972, 'name': 'svchost.exe', 'vms': 2.8828125}
{'username': None, 'pid': 1996, 'name': 'svchost.exe', 'vms': 1.98828125}
{'username': None, 'pid': 2000, 'name': 'svchost.exe', 'vms': 2.5078125}
{'username': None, 'pid': 2056, 'name': 'svchost.exe', 'vms': 2.25}
{'username': None, 'pid': 2152, 'name': 'svchost.exe', 'vms': 3.16796875}
{'username': None, 'pid': 2188, 'name': 'svchost.exe', 'vms': 1.54296875}
{'username': 'DESKTOP-6PR7CQU\\Aditya', 'pid': 2236, 'name': 'powershell.exe', 'vms': 51.02734375}
{'username': None, 'pid': 2284, 'name': 'svchost.exe', 'vms': 2.796875}
{'username': None, 'pid': 2300, 'name': 'IntelCpHDCPSvc.exe', 'vms': 1.1875}
{'username': None, 'pid': 2308, 'name': 'svchost.exe', 'vms': 2.5625}
{'username': None, 'pid': 2320, 'name': 'svchost.exe', 'vms': 2.5859375}
{'username': None, 'pid': 2388, 'name': 'svchost.exe', 'vms': 1.3359375}
{'username': 'DESKTOP-6PR7CQU\\Aditya', 'pid': 2408, 'name': 'python3.10.exe', 'vms': 16.2421875}
{'username': None, 'pid': 2432, 'name': 'svchost.exe', 'vms': 1.80859375}
{'username': None, 'pid': 2652, 'name': 'svchost.exe', 'vms': 3.05859375}
{'username': None, 'pid': 2708, 'name': 'svchost.exe', 'vms': 1.80078125}
{'username': None, 'pid': 2740, 'name': 'svchost.exe', 'vms': 1.7890625}
{'username': None, 'pid': 2808, 'name': 'svchost.exe', 'vms': 7.77734375}
{'username': None, 'pid': 2840, 'name': 'svchost.exe', 'vms': 1.703125}
{'username': 'DESKTOP-6PR7CQU\\Aditya', 'pid': 2932, 'name': 'mcafee-security-ft.exe', 'vms': 2.9453125}
{'username': None, 'pid': 2960, 'name': 'igfxCUIServiceN.exe', 'vms': 2.140625}
{'username': 'DESKTOP-6PR7CQU\\Aditya', 'pid': 3044, 'name': 'Code.exe', 'vms': 194.5078125}
{'username': None, 'pid': 3144, 'name': 'svchost.exe', 'vms': 1.8984375}
{'username': None, 'pid': 3184, 'name': 'svchost.exe', 'vms': 14.85546875}
{'username': None, 'pid': 3360, 'name': 'svchost.exe', 'vms': 7.5703125}
{'username': None, 'pid': 3368, 'name': 'svchost.exe', 'vms': 1.24609375}
{'username': None, 'pid': 3528, 'name': 'NVDisplay.Container.exe', 'vms': 7.26953125}
{'username': None, 'pid': 3560, 'name': 'svchost.exe', 'vms': 16.6015625}
{'username': None, 'pid': 3588, 'name': 'svchost.exe', 'vms': 2.73828125}
{'username': None, 'pid': 3596, 'name': 'svchost.exe', 'vms': 1.20703125}
{'username': 'DESKTOP-6PR7CQU\\Aditya', 'pid': 3620, 'name': 'chrome.exe', 'vms': 93.0234375}
{'username': None, 'pid': 3652, 'name': 'svchost.exe', 'vms': 2.4921875}
{'username': None, 'pid': 3660, 'name': 'svchost.exe', 'vms': 1.9453125}
{'username': None, 'pid': 3668, 'name': 'MemCompression', 'vms': 1.33203125}
{'username': 'DESKTOP-6PR7CQU\\Aditya', 'pid': 3852, 'name': 'Code.exe', 'vms': 249.2421875}
{'username': 'DESKTOP-6PR7CQU\\Aditya', 'pid': 3912, 'name': 'nvcontainer.exe', 'vms': 9.0546875}
{'username': None, 'pid': 3960, 'name': 'svchost.exe', 'vms': 4.39453125}
{'username': None, 'pid': 4000, 'name': 'svchost.exe', 'vms': 1.38671875}
{'username': 'DESKTOP-6PR7CQU\\Aditya', 'pid': 4080, 'name': 'Code.exe', 'vms': 57.109375}
{'username': None, 'pid': 4124, 'name': 'NVDisplay.Container.exe', 'vms': 50.90234375}
{'username': None, 'pid': 4176, 'name': 'svchost.exe', 'vms': 17.12890625}
{'username': None, 'pid': 4248, 'name': 'svchost.exe', 'vms': 13.23046875}
{'username': 'DESKTOP-6PR7CQU\\Aditya', 'pid': 4260, 'name': 'chrome.exe', 'vms': 35.53515625}
{'username': None, 'pid': 4300, 'name': 'svchost.exe', 'vms': 2.39453125}
{'username': None, 'pid': 4408, 'name': 'WmiPrvSE.exe', 'vms': 44.57421875}
{'username': None, 'pid': 4468, 'name': 'svchost.exe', 'vms': 6.24609375}
{'username': None, 'pid': 4500, 'name': 'svchost.exe', 'vms': 3.04296875}
{'username': None, 'pid': 4656, 'name': 'svchost.exe', 'vms': 4.21484375}
{'username': None, 'pid': 4712, 'name': 'wlanext.exe', 'vms': 1.3515625}
{'username': None, 'pid': 4720, 'name': 'conhost.exe', 'vms': 5.11328125}
{'username': None, 'pid': 4724, 'name': 'svchost.exe', 'vms': 1.83984375}
{'username': None, 'pid': 4784, 'name': 'svchost.exe', 'vms': 2.41796875}
{'username': 'DESKTOP-6PR7CQU\\Aditya', 'pid': 4816, 'name': 'msedgewebview2.exe', 'vms': 126.640625}
{'username': 'DESKTOP-6PR7CQU\\Aditya', 'pid': 4892, 'name': 'msedgewebview2.exe', 'vms': 10.0625}
{'username': None, 'pid': 5076, 'name': 'spoolsv.exe', 'vms': 5.703125}
{'username': None, 'pid': 5188, 'name': 'EMON.EXE', 'vms': 9.88671875}
{'username': 'DESKTOP-6PR7CQU\\Aditya', 'pid': 5208, 'name': 'Code.exe', 'vms': 50.39453125}
{'username': None, 'pid': 5232, 'name': 'armsvc.exe', 'vms': 1.3359375}
{'username': None, 'pid': 5244, 'name': 'svchost.exe', 'vms': 3.83984375}
{'username': None, 'pid': 5252, 'name': 'AnyDesk.exe', 'vms': 20.12890625}
{'username': None, 'pid': 5272, 'name': 'svchost.exe', 'vms': 37.48828125}
{'username': None, 'pid': 5280, 'name': 'svchost.exe', 'vms': 18.05859375}
{'username': None, 'pid': 5296, 'name': 'OfficeClickToRun.exe', 'vms': 29.88671875}
{'username': None, 'pid': 5308, 'name': 'GoogleInputService.exe', 'vms': 1.65625}
{'username': None, 'pid': 5336, 'name': 'svchost.exe', 'vms': 2.82421875}
{'username': None, 'pid': 5348, 'name': 'jhi_service.exe', 'vms': 1.265625}
{'username': None, 'pid': 5360, 'name': 'esif_uf.exe', 'vms': 1.92578125}
{'username': None, 'pid': 5384, 'name': 'svchost.exe', 'vms': 4.15234375}
{'username': None, 'pid': 5396, 'name': 'NahimicService.exe', 'vms': 3.08984375}
{'username': None, 'pid': 5412, 'name': 'nvcontainer.exe', 'vms': 12.109375}
{'username': None, 'pid': 5420, 'name': 'WEBPROT2.EXE', 'vms': 6.62109375}
{'username': 'DESKTOP-6PR7CQU\\Aditya', 'pid': 5436, 'name': 'dptf_helper.exe', 'vms': 1.484375}
{'username': 'DESKTOP-6PR7CQU\\Aditya', 'pid': 5440, 'name': 'Code.exe', 'vms': 180.8359375}
{'username': None, 'pid': 5444, 'name': 'RtkAudUService64.exe', 'vms': 4.5546875}
{'username': None, 'pid': 5460, 'name': 'NPProt.exe', 'vms': 1.0234375}
{'username': None, 'pid': 5468, 'name': 'NPHOST.EXE', 'vms': 5.96484375}
{'username': None, 'pid': 5476, 'name': 'OneApp.IGCC.WinService.exe', 'vms': 37.859375}
{'username': None, 'pid': 5512, 'name': 'mysqld.exe', 'vms': 32.7734375}
{'username': None, 'pid': 5520, 'name': 'svchost.exe', 'vms': 1.22265625}
{'username': None, 'pid': 5528, 'name': 'AWCC.Service.exe', 'vms': 49.890625}
{'username': None, 'pid': 5568, 'name': 'svchost.exe', 'vms': 4.23046875}
{'username': None, 'pid': 5620, 'name': 'Lavasoft.WCAssistant.WinService.exe', 'vms': 33.86328125}
{'username': None, 'pid': 5688, 'name': 'MsMpEng.exe', 'vms': 332.73046875}
{'username': 'DESKTOP-6PR7CQU\\Aditya', 'pid': 5724, 'name': 'RiotClientServices.exe', 'vms': 88.96484375}
{'username': None, 'pid': 5736, 'name': 'svchost.exe', 'vms': 4.07421875}
{'username': None, 'pid': 5744, 'name': 'WMIRegistrationService.exe', 'vms': 2.734375}
{'username': None, 'pid': 5808, 'name': 'audiodg.exe', 'vms': 9.50390625}
{'username': 'DESKTOP-6PR7CQU\\Aditya', 'pid': 5816, 'name': 'Code.exe', 'vms': 15.484375}
{'username': None, 'pid': 5832, 'name': 'ZVMonNt.exe', 'vms': 48.9140625}
{'username': None, 'pid': 5900, 'name': 'svchost.exe', 'vms': 3.45703125}
{'username': None, 'pid': 6320, 'name': 'mysqld.exe', 'vms': 577.0234375}
{'username': None, 'pid': 6396, 'name': 'conhost.exe', 'vms': 5.51953125}
{'username': 'DESKTOP-6PR7CQU\\Aditya', 'pid': 6508, 'name': 'vgtray.exe', 'vms': 2.171875}
{'username': None, 'pid': 6544, 'name': 'svchost.exe', 'vms': 2.890625}
{'username': 'DESKTOP-6PR7CQU\\Aditya', 'pid': 6652, 'name': 'chrome.exe', 'vms': 11.87109375}
{'username': 'DESKTOP-6PR7CQU\\Aditya', 'pid': 6724, 'name': 'chrome.exe', 'vms': 19.31640625}
{'username': None, 'pid': 6804, 'name': 'AggregatorHost.exe', 'vms': 2.1015625}
{'username': None, 'pid': 6848, 'name': 'svchost.exe', 'vms': 2.14453125}
{'username': None, 'pid': 6948, 'name': 'WmiPrvSE.exe', 'vms': 18.8828125}
{'username': None, 'pid': 6968, 'name': 'svchost.exe', 'vms': 2.0078125}
{'username': 'DESKTOP-6PR7CQU\\Aditya', 'pid': 7036, 'name': 'NVIDIA Share.exe', 'vms': 53.203125}
{'username': None, 'pid': 7220, 'name': 'svchost.exe', 'vms': 1.65625}
{'username': None, 'pid': 7380, 'name': 'rundll32.exe', 'vms': 1.39453125}
{'username': 'DESKTOP-6PR7CQU\\Aditya', 'pid': 7508, 'name': 'dllhost.exe', 'vms': 1.6015625}
{'username': 'DESKTOP-6PR7CQU\\Aditya', 'pid': 7704, 'name': 'SystemSettingsBroker.exe', 'vms': 7.96484375}
{'username': 'DESKTOP-6PR7CQU\\Aditya', 'pid': 7776, 'name': 'powershell.exe', 'vms': 54.9921875}
{'username': None, 'pid': 8012, 'name': 'svchost.exe', 'vms': 10.1171875}
{'username': None, 'pid': 8076, 'name': 'WmiPrvSE.exe', 'vms': 8.12109375}
{'username': None, 'pid': 8160, 'name': 'DellSupportAssistRemedationService.exe', 'vms': 76.59765625}
{'username': None, 'pid': 8300, 'name': 'NisSrv.exe', 'vms': 3.80078125}
{'username': 'DESKTOP-6PR7CQU\\Aditya', 'pid': 8512, 'name': 'UserOOBEBroker.exe', 'vms': 1.80859375}
{'username': None, 'pid': 8556, 'name': 'svchost.exe', 'vms': 1.15625}
{'username': 'DESKTOP-6PR7CQU\\Aditya', 'pid': 8620, 'name': 'RuntimeBroker.exe', 'vms': 3.0625}
{'username': None, 'pid': 8684, 'name': 'NPAVIDS.EXE', 'vms': 5.2578125}
{'username': None, 'pid': 8828, 'name': 'svchost.exe', 'vms': 1.66015625}
{'username': None, 'pid': 8864, 'name': 'svchost.exe', 'vms': 3.375}
{'username': None, 'pid': 8876, 'name': 'conhost.exe', 'vms': 5.31640625}
{'username': 'DESKTOP-6PR7CQU\\Aditya', 'pid': 9264, 'name': 'nvcontainer.exe', 'vms': 48.890625}
{'username': 'DESKTOP-6PR7CQU\\Aditya', 'pid': 9300, 'name': 'sihost.exe', 'vms': 5.95703125}
{'username': 'DESKTOP-6PR7CQU\\Aditya', 'pid': 9316, 'name': 'GoogleInputHandler.exe', 'vms': 5.48828125}
{'username': None, 'pid': 9336, 'name': 'WmiApSrv.exe', 'vms': 2.1015625}
{'username': 'DESKTOP-6PR7CQU\\Aditya', 'pid': 9380, 'name': 'svchost.exe', 'vms': 2.01171875}
{'username': 'DESKTOP-6PR7CQU\\Aditya', 'pid': 9396, 'name': 'svchost.exe', 'vms': 5.9765625}
{'username': 'DESKTOP-6PR7CQU\\Aditya', 'pid': 9404, 'name': 'msedgewebview2.exe', 'vms': 120.484375}
{'username': None, 'pid': 9432, 'name': 'PresentationFontCache.exe', 'vms': 31.50390625}
{'username': 'DESKTOP-6PR7CQU\\Aditya', 'pid': 9484, 'name': 'svchost.exe', 'vms': 1.86328125}
{'username': 'DESKTOP-6PR7CQU\\Aditya', 'pid': 9532, 'name': 'chrome.exe', 'vms': 137.05078125}
{'username': 'DESKTOP-6PR7CQU\\Aditya', 'pid': 9580, 'name': 'svchost.exe', 'vms': 7.98046875}
{'username': 'DESKTOP-6PR7CQU\\Aditya', 'pid': 9600, 'name': 'Code.exe', 'vms': 88.25}
{'username': None, 'pid': 9684, 'name': 'svchost.exe', 'vms': 3.80078125}
{'username': 'DESKTOP-6PR7CQU\\Aditya', 'pid': 9768, 'name': 'taskhostw.exe', 'vms': 9.46484375}
{'username': 'DESKTOP-6PR7CQU\\Aditya', 'pid': 9792, 'name': 'EMAILSCN.EXE', 'vms': 5.45703125}
{'username': None, 'pid': 9816, 'name': 'FusionService.exe', 'vms': 39.31640625}
{'username': 'DESKTOP-6PR7CQU\\Aditya', 'pid': 9832, 'name': 'powershell.exe', 'vms': 54.85546875}
{'username': 'DESKTOP-6PR7CQU\\Aditya', 'pid': 9872, 'name': 'NVIDIA Share.exe', 'vms': 37.74609375}
{'username': None, 'pid': 9880, 'name': 'ZVCMD64.EXE', 'vms': 0.6328125}
{'username': 'DESKTOP-6PR7CQU\\Aditya', 'pid': 10016, 'name': 'igfxEMN.exe', 'vms': 3.42578125}
{'username': None, 'pid': 10156, 'name': 'conhost.exe', 'vms': 5.5859375}
{'username': None, 'pid': 10204, 'name': 'svchost.exe', 'vms': 5.25}
{'username': 'DESKTOP-6PR7CQU\\Aditya', 'pid': 10300, 'name': 'StartMenuExperienceHost.exe', 'vms': 77.890625}
{'username': 'DESKTOP-6PR7CQU\\Aditya', 'pid': 10432, 'name': 'explorer.exe', 'vms': 216.1015625}
{'username': 'DESKTOP-6PR7CQU\\Aditya', 'pid': 10916, 'name': 'nvsphelper64.exe', 'vms': 2.97265625}
{'username': None, 'pid': 10928, 'name': 'RtkAudUService64.exe', 'vms': 2.67578125}
{'username': 'DESKTOP-6PR7CQU\\Aditya', 'pid': 10948, 'name': 'backgroundTaskHost.exe', 'vms': 8.0}
{'username': 'DESKTOP-6PR7CQU\\Aditya', 'pid': 11080, 'name': 'NVIDIA Web Helper.exe', 'vms': 30.3359375}
{'username': 'DESKTOP-6PR7CQU\\Aditya', 'pid': 11088, 'name': 'chrome.exe', 'vms': 6.65625}
{'username': 'DESKTOP-6PR7CQU\\Aditya', 'pid': 11148, 'name': 'conhost.exe', 'vms': 5.25}
{'username': 'DESKTOP-6PR7CQU\\Aditya', 'pid': 11268, 'name': 'chrome.exe', 'vms': 29.23046875}
{'username': None, 'pid': 11288, 'name': 'svchost.exe', 'vms': 2.6171875}
{'username': None, 'pid': 11428, 'name': 'svchost.exe', 'vms': 4.63671875}
{'username': 'DESKTOP-6PR7CQU\\Aditya', 'pid': 11636, 'name': 'conhost.exe', 'vms': 1.2578125}
{'username': 'DESKTOP-6PR7CQU\\Aditya', 'pid': 11652, 'name': 'Code.exe', 'vms': 33.3046875}
{'username': 'DESKTOP-6PR7CQU\\Aditya', 'pid': 11772, 'name': 'SearchHost.exe', 'vms': 288.14453125}
{'username': 'DESKTOP-6PR7CQU\\Aditya', 'pid': 11808, 'name': 'svchost.exe', 'vms': 2.2109375}
{'username': None, 'pid': 11908, 'name': 'SearchIndexer.exe', 'vms': 32.70703125}
{'username': 'DESKTOP-6PR7CQU\\Aditya', 'pid': 11972, 'name': 'dllhost.exe', 'vms': 6.8828125}
{'username': 'DESKTOP-6PR7CQU\\Aditya', 'pid': 12020, 'name': 'svchost.exe', 'vms': 5.12109375}
{'username': 'DESKTOP-6PR7CQU\\Aditya', 'pid': 12096, 'name': 'NVIDIA Share.exe', 'vms': 50.9921875}
{'username': 'DESKTOP-6PR7CQU\\Aditya', 'pid': 12536, 'name': 'update.exe', 'vms': 1.13671875}
{'username': 'DESKTOP-6PR7CQU\\Aditya', 'pid': 12580, 'name': 'update.exe', 'vms': 14.8125}
{'username': 'DESKTOP-6PR7CQU\\Aditya', 'pid': 12620, 'name': 'Widgets.exe', 'vms': 10.40234375}
{'username': None, 'pid': 12704, 'name': 'SearchProtocolHost.exe', 'vms': 2.3203125}
{'username': 'DESKTOP-6PR7CQU\\Aditya', 'pid': 12796, 'name': 'RuntimeBroker.exe', 'vms': 15.68359375}
{'username': 'DESKTOP-6PR7CQU\\Aditya', 'pid': 12972, 'name': 'ApplicationFrameHost.exe', 'vms': 12.3046875}
{'username': None, 'pid': 12988, 'name': 'DDVRulesProcessor.exe', 'vms': 18.22265625}
{'username': 'DESKTOP-6PR7CQU\\Aditya', 'pid': 12992, 'name': 'Code.exe', 'vms': 62.5546875}
{'username': 'DESKTOP-6PR7CQU\\Aditya', 'pid': 13080, 'name': 'RuntimeBroker.exe', 'vms': 4.42578125}
{'username': 'DESKTOP-6PR7CQU\\Aditya', 'pid': 13136, 'name': 'svchost.exe', 'vms': 3.0625}
{'username': 'DESKTOP-6PR7CQU\\Aditya', 'pid': 13304, 'name': 'EpicGamesLauncher.exe', 'vms': 192.8046875}
{'username': 'DESKTOP-6PR7CQU\\Aditya', 'pid': 13372, 'name': 'msedgewebview2.exe', 'vms': 16.76953125}
{'username': 'DESKTOP-6PR7CQU\\Aditya', 'pid': 13468, 'name': 'msedgewebview2.exe', 'vms': 36.53515625}
{'username': 'DESKTOP-6PR7CQU\\Aditya', 'pid': 13496, 'name': 'AWCC.Background.Server.exe', 'vms': 36.67578125}
{'username': None, 'pid': 13572, 'name': 'OCControl.Service.exe', 'vms': 106.1015625}
{'username': None, 'pid': 13616, 'name': 'svchost.exe', 'vms': 2.51171875}
{'username': 'DESKTOP-6PR7CQU\\Aditya', 'pid': 13700, 'name': 'svchost.exe', 'vms': 1.55078125}
{'username': 'DESKTOP-6PR7CQU\\Aditya', 'pid': 13752, 'name': 'Code.exe', 'vms': 142.25390625}
{'username': 'DESKTOP-6PR7CQU\\Aditya', 'pid': 13760, 'name': 'LocationNotificationWindows.exe', 'vms': 1.85546875}
{'username': 'DESKTOP-6PR7CQU\\Aditya', 'pid': 13800, 'name': 'ctfmon.exe', 'vms': 7.1484375}
{'username': 'DESKTOP-6PR7CQU\\Aditya', 'pid': 13916, 'name': 'chrome.exe', 'vms': 32.3359375}
{'username': 'DESKTOP-6PR7CQU\\Aditya', 'pid': 14288, 'name': 'svchost.exe', 'vms': 1.9921875}
{'username': 'DESKTOP-6PR7CQU\\Aditya', 'pid': 14432, 'name': 'ShellExperienceHost.exe', 'vms': 52.0703125}
{'username': None, 'pid': 14444, 'name': 'svchost.exe', 'vms': 2.7734375}
{'username': 'DESKTOP-6PR7CQU\\Aditya', 'pid': 14500, 'name': 'EpicWebHelper.exe', 'vms': 35.7265625}
{'username': 'DESKTOP-6PR7CQU\\Aditya', 'pid': 14528, 'name': 'RuntimeBroker.exe', 'vms': 5.28515625}
{'username': 'DESKTOP-6PR7CQU\\Aditya', 'pid': 14604, 'name': 'utorrentie.exe', 'vms': 2.69140625}
{'username': 'DESKTOP-6PR7CQU\\Aditya', 'pid': 14684, 'name': 'WidgetService.exe', 'vms': 4.546875}
{'username': 'DESKTOP-6PR7CQU\\Aditya', 'pid': 14852, 'name': 'Code.exe', 'vms': 16.46875}
{'username': None, 'pid': 14876, 'name': 'svchost.exe', 'vms': 2.65625}
{'username': 'DESKTOP-6PR7CQU\\Aditya', 'pid': 14952, 'name': 'uTorrent.exe', 'vms': 19.5625}
{'username': None, 'pid': 15012, 'name': 'ServiceShell.exe', 'vms': 62.30078125}
{'username': 'DESKTOP-6PR7CQU\\Aditya', 'pid': 15016, 'name': 'chrome.exe', 'vms': 22.53515625}
{'username': 'DESKTOP-6PR7CQU\\Aditya', 'pid': 15028, 'name': 'chrome.exe', 'vms': 59.19140625}
{'username': 'DESKTOP-6PR7CQU\\Aditya', 'pid': 15096, 'name': 'mcafee-security.exe', 'vms': 56.41015625}
{'username': 'DESKTOP-6PR7CQU\\Aditya', 'pid': 15296, 'name': 'utorrentie.exe', 'vms': 3.69140625}
{'username': 'DESKTOP-6PR7CQU\\Aditya', 'pid': 15368, 'name': 'EpicWebHelper.exe', 'vms': 66.7890625}
{'username': 'DESKTOP-6PR7CQU\\Aditya', 'pid': 15448, 'name': 'msedgewebview2.exe', 'vms': 35.53515625}
{'username': 'DESKTOP-6PR7CQU\\Aditya', 'pid': 15516, 'name': 'msedgewebview2.exe', 'vms': 2.16015625}
{'username': 'DESKTOP-6PR7CQU\\Aditya', 'pid': 15796, 'name': 'conhost.exe', 'vms': 1.26171875}
{'username': 'DESKTOP-6PR7CQU\\Aditya', 'pid': 15852, 'name': 'msedgewebview2.exe', 'vms': 34.58203125}
{'username': 'DESKTOP-6PR7CQU\\Aditya', 'pid': 15976, 'name': 'TextInputHost.exe', 'vms': 73.78125}
{'username': 'DESKTOP-6PR7CQU\\Aditya', 'pid': 15984, 'name': 'msedgewebview2.exe', 'vms': 77.34765625}
{'username': 'DESKTOP-6PR7CQU\\Aditya', 'pid': 16064, 'name': 'msedgewebview2.exe', 'vms': 10.78515625}
{'username': 'DESKTOP-6PR7CQU\\Aditya', 'pid': 16092, 'name': 'msedgewebview2.exe', 'vms': 7.5546875}
{'username': None, 'pid': 16120, 'name': 'XtuService.exe', 'vms': 88.90234375}
{'username': 'DESKTOP-6PR7CQU\\Aditya', 'pid': 16292, 'name': 'msedgewebview2.exe', 'vms': 18.890625}
{'username': 'DESKTOP-6PR7CQU\\Aditya', 'pid': 16396, 'name': 'chrome.exe', 'vms': 18.4140625}
{'username': 'DESKTOP-6PR7CQU\\Aditya', 'pid': 16420, 'name': 'awscns.exe', 'vms': 41.7421875}
{'username': 'DESKTOP-6PR7CQU\\Aditya', 'pid': 16632, 'name': 'RiotClientCrashHandler.exe', 'vms': 1.6875}
{'username': 'DESKTOP-6PR7CQU\\Aditya', 'pid': 16760, 'name': 'msedge.exe', 'vms': 46.0}
{'username': 'DESKTOP-6PR7CQU\\Aditya', 'pid': 16772, 'name': 'chrome.exe', 'vms': 94.90625}
{'username': 'DESKTOP-6PR7CQU\\Aditya', 'pid': 16824, 'name': 'msedge.exe', 'vms': 2.12109375}
{'username': 'DESKTOP-6PR7CQU\\Aditya', 'pid': 16988, 'name': 'chrome.exe', 'vms': 55.58203125}
{'username': 'DESKTOP-6PR7CQU\\Aditya', 'pid': 17052, 'name': 'msedge.exe', 'vms': 56.12890625}
{'username': 'DESKTOP-6PR7CQU\\Aditya', 'pid': 17068, 'name': 'msedge.exe', 'vms': 11.109375}
{'username': 'DESKTOP-6PR7CQU\\Aditya', 'pid': 17104, 'name': 'msedge.exe', 'vms': 6.73828125}
{'username': 'DESKTOP-6PR7CQU\\Aditya', 'pid': 17504, 'name': 'msedgewebview2.exe', 'vms': 8.8203125}
{'username': None, 'pid': 17536, 'name': 'Dell.D3.WinSvc.exe', 'vms': 111.58203125}
{'username': 'DESKTOP-6PR7CQU\\Aditya', 'pid': 17816, 'name': 'chrome.exe', 'vms': 224.99609375}
{'username': 'DESKTOP-6PR7CQU\\Aditya', 'pid': 17840, 'name': 'chrome.exe', 'vms': 14.2578125}
{'username': 'DESKTOP-6PR7CQU\\Aditya', 'pid': 17908, 'name': 'chrome.exe', 'vms': 20.80078125}
{'username': None, 'pid': 18188, 'name': 'svchost.exe', 'vms': 2.1328125}
{'username': 'DESKTOP-6PR7CQU\\Aditya', 'pid': 18344, 'name': 'chrome.exe', 'vms': 30.01953125}
