--------------------------------------------------------------------------------
Marvellous Infosystem Process Logger: Sun Oct  1 16:53:53 2023
--------------------------------------------------------------------------------
{'name': 'System Idle Process', 'pid': 0, 'username': 'NT AUTHORITY\\SYSTEM', 'vms': 0.05859375}
{'name': 'System', 'pid': 4, 'username': 'NT AUTHORITY\\SYSTEM', 'vms': 0.05078125}
{'name': 'Registry', 'pid': 176, 'username': None, 'vms': 18.71484375}
{'name': 'svchost.exe', 'pid': 516, 'username': None, 'vms': 3.36328125}
{'name': 'smss.exe', 'pid': 708, 'username': None, 'vms': 1.09765625}
{'name': 'csrss.exe', 'pid': 820, 'username': None, 'vms': 2.65234375}
{'name': 'svchost.exe', 'pid': 860, 'username': None, 'vms': 6.6484375}
{'name': 'wininit.exe', 'pid': 1104, 'username': None, 'vms': 1.53125}
{'name': 'services.exe', 'pid': 1172, 'username': None, 'vms': 6.984375}
{'name': 'Code.exe', 'pid': 1184, 'username': 'DESKTOP-6PR7CQU\\Aditya', 'vms': 46.203125}
{'name': 'lsass.exe', 'pid': 1196, 'username': None, 'vms': 8.97265625}
{'name': 'svchost.exe', 'pid': 1212, 'username': None, 'vms': 6.1953125}
{'name': 'svchost.exe', 'pid': 1324, 'username': None, 'vms': 12.96484375}
{'name': 'fontdrvhost.exe', 'pid': 1340, 'username': None, 'vms': 1.9140625}
{'name': 'svchost.exe', 'pid': 1412, 'username': None, 'vms': 8.5390625}
{'name': 'WUDFHost.exe', 'pid': 1436, 'username': None, 'vms': 5.2265625}
{'name': 'svchost.exe', 'pid': 1500, 'username': None, 'vms': 2.921875}
{'name': 'WUDFHost.exe', 'pid': 1536, 'username': None, 'vms': 11.0859375}
{'name': 'dptf_helper.exe', 'pid': 1744, 'username': 'DESKTOP-6PR7CQU\\Aditya', 'vms': 1.42578125}
{'name': 'LockApp.exe', 'pid': 1784, 'username': 'DESKTOP-6PR7CQU\\Aditya', 'vms': 40.75}
{'name': 'svchost.exe', 'pid': 1836, 'username': None, 'vms': 6.23046875}
{'name': 'svchost.exe', 'pid': 1852, 'username': None, 'vms': 2.31640625}
{'name': 'svchost.exe', 'pid': 1868, 'username': None, 'vms': 2.8984375}
{'name': 'svchost.exe', 'pid': 1888, 'username': None, 'vms': 3.3984375}
{'name': 'winlogon.exe', 'pid': 1908, 'username': None, 'vms': 2.52734375}
{'name': 'svchost.exe', 'pid': 1972, 'username': None, 'vms': 2.796875}
{'name': 'svchost.exe', 'pid': 1996, 'username': None, 'vms': 2.30859375}
{'name': 'svchost.exe', 'pid': 2000, 'username': None, 'vms': 2.828125}
{'name': 'Code.exe', 'pid': 2036, 'username': 'DESKTOP-6PR7CQU\\Aditya', 'vms': 16.421875}
{'name': 'svchost.exe', 'pid': 2056, 'username': None, 'vms': 2.25390625}
{'name': 'TextInputHost.exe', 'pid': 2144, 'username': 'DESKTOP-6PR7CQU\\Aditya', 'vms': 74.859375}
{'name': 'svchost.exe', 'pid': 2152, 'username': None, 'vms': 3.6328125}
{'name': 'svchost.exe', 'pid': 2176, 'username': None, 'vms': 10.51171875}
{'name': 'svchost.exe', 'pid': 2188, 'username': None, 'vms': 1.71484375}
{'name': 'svchost.exe', 'pid': 2284, 'username': None, 'vms': 3.11328125}
{'name': 'IntelCpHDCPSvc.exe', 'pid': 2300, 'username': None, 'vms': 1.1875}
{'name': 'svchost.exe', 'pid': 2308, 'username': None, 'vms': 2.59765625}
{'name': 'svchost.exe', 'pid': 2320, 'username': None, 'vms': 2.65234375}
{'name': 'NPAVIDS.EXE', 'pid': 2348, 'username': None, 'vms': 6.38671875}
{'name': 'svchost.exe', 'pid': 2388, 'username': None, 'vms': 1.3359375}
{'name': 'svchost.exe', 'pid': 2432, 'username': None, 'vms': 1.95703125}
{'name': 'update.exe', 'pid': 2456, 'username': 'DESKTOP-6PR7CQU\\Aditya', 'vms': 15.1953125}
{'name': 'msedgewebview2.exe', 'pid': 2460, 'username': 'DESKTOP-6PR7CQU\\Aditya', 'vms': 6.43359375}
{'name': 'svchost.exe', 'pid': 2652, 'username': None, 'vms': 3.12109375}
{'name': 'svchost.exe', 'pid': 2708, 'username': None, 'vms': 1.91015625}
{'name': 'svchost.exe', 'pid': 2740, 'username': None, 'vms': 1.92578125}
{'name': 'svchost.exe', 'pid': 2808, 'username': None, 'vms': 8.18359375}
{'name': 'svchost.exe', 'pid': 2840, 'username': None, 'vms': 1.63671875}
{'name': 'csrss.exe', 'pid': 2892, 'username': None, 'vms': 3.03125}
{'name': 'igfxCUIServiceN.exe', 'pid': 2960, 'username': None, 'vms': 2.41015625}
{'name': 'chrome.exe', 'pid': 3004, 'username': 'DESKTOP-6PR7CQU\\Aditya', 'vms': 38.984375}
{'name': 'dllhost.exe', 'pid': 3128, 'username': 'DESKTOP-6PR7CQU\\Aditya', 'vms': 10.484375}
{'name': 'svchost.exe', 'pid': 3144, 'username': None, 'vms': 2.03515625}
{'name': 'svchost.exe', 'pid': 3184, 'username': None, 'vms': 15.3359375}
{'name': 'EpicWebHelper.exe', 'pid': 3216, 'username': 'DESKTOP-6PR7CQU\\Aditya', 'vms': 35.53515625}
{'name': 'svchost.exe', 'pid': 3360, 'username': None, 'vms': 14.671875}
{'name': 'svchost.exe', 'pid': 3368, 'username': None, 'vms': 1.27734375}
{'name': 'RuntimeBroker.exe', 'pid': 3436, 'username': 'DESKTOP-6PR7CQU\\Aditya', 'vms': 3.34375}
{'name': 'smartscreen.exe', 'pid': 3500, 'username': 'DESKTOP-6PR7CQU\\Aditya', 'vms': 3.7421875}
{'name': 'NVDisplay.Container.exe', 'pid': 3528, 'username': None, 'vms': 7.97265625}
{'name': 'svchost.exe', 'pid': 3560, 'username': None, 'vms': 20.375}
{'name': 'svchost.exe', 'pid': 3588, 'username': None, 'vms': 3.0234375}
{'name': 'svchost.exe', 'pid': 3596, 'username': None, 'vms': 1.20703125}
{'name': 'svchost.exe', 'pid': 3652, 'username': None, 'vms': 2.58203125}
{'name': 'svchost.exe', 'pid': 3660, 'username': None, 'vms': 1.8984375}
{'name': 'MemCompression', 'pid': 3668, 'username': None, 'vms': 0.9765625}
{'name': 'svchost.exe', 'pid': 3960, 'username': None, 'vms': 4.58203125}
{'name': 'conhost.exe', 'pid': 3968, 'username': None, 'vms': 5.09375}
{'name': 'svchost.exe', 'pid': 4000, 'username': None, 'vms': 1.44140625}
{'name': 'svchost.exe', 'pid': 4176, 'username': None, 'vms': 16.4375}
{'name': 'mcafee-security.exe', 'pid': 4244, 'username': 'DESKTOP-6PR7CQU\\Aditya', 'vms': 56.3984375}
{'name': 'svchost.exe', 'pid': 4248, 'username': None, 'vms': 13.66015625}
{'name': 'svchost.exe', 'pid': 4300, 'username': None, 'vms': 2.640625}
{'name': 'WmiPrvSE.exe', 'pid': 4408, 'username': None, 'vms': 40.03125}
{'name': 'svchost.exe', 'pid': 4468, 'username': None, 'vms': 6.34765625}
{'name': 'svchost.exe', 'pid': 4500, 'username': None, 'vms': 3.71875}
{'name': 'svchost.exe', 'pid': 4656, 'username': None, 'vms': 4.375}
{'name': 'wlanext.exe', 'pid': 4712, 'username': None, 'vms': 1.4609375}
{'name': 'conhost.exe', 'pid': 4720, 'username': None, 'vms': 5.11328125}
{'name': 'svchost.exe', 'pid': 4724, 'username': None, 'vms': 1.83984375}
{'name': 'svchost.exe', 'pid': 4784, 'username': None, 'vms': 2.4296875}
{'name': 'spoolsv.exe', 'pid': 5076, 'username': None, 'vms': 5.37890625}
{'name': 'conhost.exe', 'pid': 5172, 'username': 'DESKTOP-6PR7CQU\\Aditya', 'vms': 5.24609375}
{'name': 'EMON.EXE', 'pid': 5188, 'username': None, 'vms': 10.6640625}
{'name': 'armsvc.exe', 'pid': 5232, 'username': None, 'vms': 1.3359375}
{'name': 'svchost.exe', 'pid': 5244, 'username': None, 'vms': 3.87109375}
{'name': 'AnyDesk.exe', 'pid': 5252, 'username': None, 'vms': 20.80078125}
{'name': 'svchost.exe', 'pid': 5272, 'username': None, 'vms': 13.0234375}
{'name': 'svchost.exe', 'pid': 5280, 'username': None, 'vms': 18.859375}
{'name': 'OfficeClickToRun.exe', 'pid': 5296, 'username': None, 'vms': 29.8828125}
{'name': 'GoogleInputService.exe', 'pid': 5308, 'username': None, 'vms': 1.6875}
{'name': 'svchost.exe', 'pid': 5336, 'username': None, 'vms': 2.70703125}
{'name': 'jhi_service.exe', 'pid': 5348, 'username': None, 'vms': 1.265625}
{'name': 'esif_uf.exe', 'pid': 5360, 'username': None, 'vms': 1.93359375}
{'name': 'svchost.exe', 'pid': 5384, 'username': None, 'vms': 4.66015625}
{'name': 'NahimicService.exe', 'pid': 5396, 'username': None, 'vms': 3.19140625}
{'name': 'nvcontainer.exe', 'pid': 5412, 'username': None, 'vms': 12.390625}
{'name': 'WEBPROT2.EXE', 'pid': 5420, 'username': None, 'vms': 6.6953125}
{'name': 'RuntimeBroker.exe', 'pid': 5436, 'username': 'DESKTOP-6PR7CQU\\Aditya', 'vms': 2.5546875}
{'name': 'RtkAudUService64.exe', 'pid': 5444, 'username': None, 'vms': 5.23046875}
{'name': 'NPProt.exe', 'pid': 5460, 'username': None, 'vms': 1.11328125}
{'name': 'NPHOST.EXE', 'pid': 5468, 'username': None, 'vms': 6.04296875}
{'name': 'OneApp.IGCC.WinService.exe', 'pid': 5476, 'username': None, 'vms': 37.80859375}
{'name': 'mysqld.exe', 'pid': 5512, 'username': None, 'vms': 32.7734375}
{'name': 'svchost.exe', 'pid': 5520, 'username': None, 'vms': 1.22265625}
{'name': 'AWCC.Service.exe', 'pid': 5528, 'username': None, 'vms': 50.64453125}
{'name': 'svchost.exe', 'pid': 5568, 'username': None, 'vms': 4.23046875}
{'name': 'Lavasoft.WCAssistant.WinService.exe', 'pid': 5620, 'username': None, 'vms': 33.85546875}
{'name': 'MsMpEng.exe', 'pid': 5688, 'username': None, 'vms': 368.20703125}
{'name': 'svchost.exe', 'pid': 5736, 'username': None, 'vms': 4.4453125}
{'name': 'WMIRegistrationService.exe', 'pid': 5744, 'username': None, 'vms': 2.734375}
{'name': 'ctfmon.exe', 'pid': 5812, 'username': 'DESKTOP-6PR7CQU\\Aditya', 'vms': 5.98046875}
{'name': 'msedge.exe', 'pid': 5876, 'username': 'DESKTOP-6PR7CQU\\Aditya', 'vms': 11.85546875}
{'name': 'svchost.exe', 'pid': 5900, 'username': None, 'vms': 3.48046875}
{'name': 'NVIDIA Web Helper.exe', 'pid': 6152, 'username': 'DESKTOP-6PR7CQU\\Aditya', 'vms': 38.0390625}
{'name': 'svchost.exe', 'pid': 6228, 'username': None, 'vms': 1.68359375}
{'name': 'mysqld.exe', 'pid': 6320, 'username': None, 'vms': 577.16015625}
{'name': 'conhost.exe', 'pid': 6396, 'username': None, 'vms': 5.51953125}
{'name': 'audiodg.exe', 'pid': 6444, 'username': None, 'vms': 19.33203125}
{'name': 'svchost.exe', 'pid': 6544, 'username': None, 'vms': 2.85546875}
{'name': 'awscns.exe', 'pid': 6760, 'username': 'DESKTOP-6PR7CQU\\Aditya', 'vms': 41.78125}
{'name': 'AggregatorHost.exe', 'pid': 6804, 'username': None, 'vms': 2.28515625}
{'name': 'svchost.exe', 'pid': 6848, 'username': None, 'vms': 2.3125}
{'name': 'WmiPrvSE.exe', 'pid': 6948, 'username': None, 'vms': 19.5859375}
{'name': 'svchost.exe', 'pid': 6968, 'username': None, 'vms': 2.125}
{'name': 'svchost.exe', 'pid': 7220, 'username': None, 'vms': 1.71484375}
{'name': 'chrome.exe', 'pid': 7252, 'username': 'DESKTOP-6PR7CQU\\Aditya', 'vms': 35.265625}
{'name': 'ZVCMD64.EXE', 'pid': 7692, 'username': None, 'vms': 0.62890625}
{'name': 'uTorrent.exe', 'pid': 7956, 'username': 'DESKTOP-6PR7CQU\\Aditya', 'vms': 16.33203125}
{'name': 'svchost.exe', 'pid': 8012, 'username': None, 'vms': 10.30078125}
{'name': 'WmiPrvSE.exe', 'pid': 8076, 'username': None, 'vms': 8.171875}
{'name': 'python3.10.exe', 'pid': 8100, 'username': 'DESKTOP-6PR7CQU\\Aditya', 'vms': 13.39453125}
{'name': 'nvcontainer.exe', 'pid': 8120, 'username': 'DESKTOP-6PR7CQU\\Aditya', 'vms': 42.296875}
{'name': 'DellSupportAssistRemedationService.exe', 'pid': 8160, 'username': None, 'vms': 77.109375}
{'name': 'NisSrv.exe', 'pid': 8300, 'username': None, 'vms': 3.80859375}
{'name': 'svchost.exe', 'pid': 8508, 'username': 'DESKTOP-6PR7CQU\\Aditya', 'vms': 8.625}
{'name': 'svchost.exe', 'pid': 8828, 'username': None, 'vms': 1.6171875}
{'name': 'LocationNotificationWindows.exe', 'pid': 8844, 'username': 'DESKTOP-6PR7CQU\\Aditya', 'vms': 1.5859375}
{'name': 'svchost.exe', 'pid': 8864, 'username': None, 'vms': 3.8515625}
{'name': 'chrome.exe', 'pid': 9236, 'username': 'DESKTOP-6PR7CQU\\Aditya', 'vms': 12.80859375}
{'name': 'svchost.exe', 'pid': 9268, 'username': 'DESKTOP-6PR7CQU\\Aditya', 'vms': 6.28125}
{'name': 'PresentationFontCache.exe', 'pid': 9432, 'username': None, 'vms': 31.50390625}
{'name': 'msedge.exe', 'pid': 9468, 'username': 'DESKTOP-6PR7CQU\\Aditya', 'vms': 46.703125}
{'name': 'fontdrvhost.exe', 'pid': 9492, 'username': None, 'vms': 2.42578125}
{'name': 'msedgewebview2.exe', 'pid': 9536, 'username': 'DESKTOP-6PR7CQU\\Aditya', 'vms': 9.49609375}
{'name': 'svchost.exe', 'pid': 9568, 'username': 'DESKTOP-6PR7CQU\\Aditya', 'vms': 2.078125}
{'name': 'svchost.exe', 'pid': 9684, 'username': None, 'vms': 4.55078125}
{'name': 'FusionService.exe', 'pid': 9816, 'username': None, 'vms': 39.46484375}
{'name': 'RiotClientCrashHandler.exe', 'pid': 9928, 'username': 'DESKTOP-6PR7CQU\\Aditya', 'vms': 1.57421875}
{'name': 'svchost.exe', 'pid': 10204, 'username': None, 'vms': 5.9609375}
{'name': 'svchost.exe', 'pid': 10724, 'username': 'DESKTOP-6PR7CQU\\Aditya', 'vms': 5.61328125}
{'name': 'chrome.exe', 'pid': 10728, 'username': 'DESKTOP-6PR7CQU\\Aditya', 'vms': 23.03125}
{'name': 'svchost.exe', 'pid': 10752, 'username': 'DESKTOP-6PR7CQU\\Aditya', 'vms': 1.96875}
{'name': 'chrome.exe', 'pid': 11172, 'username': 'DESKTOP-6PR7CQU\\Aditya', 'vms': 118.27734375}
{'name': 'igfxEMN.exe', 'pid': 11260, 'username': 'DESKTOP-6PR7CQU\\Aditya', 'vms': 3.4453125}
{'name': 'svchost.exe', 'pid': 11288, 'username': None, 'vms': 2.6015625}
{'name': 'RiotClientServices.exe', 'pid': 11344, 'username': 'DESKTOP-6PR7CQU\\Aditya', 'vms': 88.48828125}
{'name': 'svchost.exe', 'pid': 11428, 'username': None, 'vms': 5.28515625}
{'name': 'UserOOBEBroker.exe', 'pid': 11604, 'username': 'DESKTOP-6PR7CQU\\Aditya', 'vms': 2.01953125}
{'name': 'NVIDIA Share.exe', 'pid': 11724, 'username': 'DESKTOP-6PR7CQU\\Aditya', 'vms': 50.89453125}
{'name': 'EpicWebHelper.exe', 'pid': 11832, 'username': 'DESKTOP-6PR7CQU\\Aditya', 'vms': 66.73046875}
{'name': 'svchost.exe', 'pid': 11860, 'username': None, 'vms': 1.47265625}
{'name': 'SearchIndexer.exe', 'pid': 11908, 'username': None, 'vms': 28.99609375}
{'name': 'svchost.exe', 'pid': 12008, 'username': 'DESKTOP-6PR7CQU\\Aditya', 'vms': 2.59765625}
{'name': 'mcafee-security-ft.exe', 'pid': 12088, 'username': 'DESKTOP-6PR7CQU\\Aditya', 'vms': 2.984375}
{'name': 'EpicGamesLauncher.exe', 'pid': 12160, 'username': 'DESKTOP-6PR7CQU\\Aditya', 'vms': 189.19140625}
{'name': 'powershell.exe', 'pid': 12344, 'username': 'DESKTOP-6PR7CQU\\Aditya', 'vms': 50.6015625}
{'name': 'NVIDIA Share.exe', 'pid': 12668, 'username': 'DESKTOP-6PR7CQU\\Aditya', 'vms': 37.9609375}
{'name': 'nvcontainer.exe', 'pid': 12724, 'username': 'DESKTOP-6PR7CQU\\Aditya', 'vms': 9.0703125}
{'name': 'DDVRulesProcessor.exe', 'pid': 12988, 'username': None, 'vms': 18.234375}
{'name': 'RuntimeBroker.exe', 'pid': 13020, 'username': 'DESKTOP-6PR7CQU\\Aditya', 'vms': 3.1640625}
{'name': 'ZVMonNt.exe', 'pid': 13164, 'username': None, 'vms': 33.0}
{'name': 'msedgewebview2.exe', 'pid': 13244, 'username': 'DESKTOP-6PR7CQU\\Aditya', 'vms': 17.16796875}
{'name': 'NVDisplay.Container.exe', 'pid': 13284, 'username': None, 'vms': 50.02734375}
{'name': 'RuntimeBroker.exe', 'pid': 13440, 'username': 'DESKTOP-6PR7CQU\\Aditya', 'vms': 9.8984375}
{'name': 'chrome.exe', 'pid': 13580, 'username': 'DESKTOP-6PR7CQU\\Aditya', 'vms': 6.39453125}
{'name': 'svchost.exe', 'pid': 13616, 'username': None, 'vms': 3.45703125}
{'name': 'chrome.exe', 'pid': 13672, 'username': 'DESKTOP-6PR7CQU\\Aditya', 'vms': 33.03515625}
{'name': 'msedge.exe', 'pid': 13856, 'username': 'DESKTOP-6PR7CQU\\Aditya', 'vms': 6.6171875}
{'name': 'msedge.exe', 'pid': 13972, 'username': 'DESKTOP-6PR7CQU\\Aditya', 'vms': 2.15234375}
{'name': 'chrome.exe', 'pid': 14220, 'username': 'DESKTOP-6PR7CQU\\Aditya', 'vms': 17.05078125}
{'name': 'taskhostw.exe', 'pid': 14384, 'username': 'DESKTOP-6PR7CQU\\Aditya', 'vms': 6.51953125}
{'name': 'svchost.exe', 'pid': 14444, 'username': None, 'vms': 7.328125}
{'name': 'sihost.exe', 'pid': 14556, 'username': 'DESKTOP-6PR7CQU\\Aditya', 'vms': 6.4140625}
{'name': 'RtkAudUService64.exe', 'pid': 14588, 'username': None, 'vms': 2.734375}
{'name': 'msedgewebview2.exe', 'pid': 14628, 'username': 'DESKTOP-6PR7CQU\\Aditya', 'vms': 26.90625}
{'name': 'svchost.exe', 'pid': 14876, 'username': None, 'vms': 2.703125}
{'name': 'svchost.exe', 'pid': 14912, 'username': 'DESKTOP-6PR7CQU\\Aditya', 'vms': 2.328125}
{'name': 'ServiceShell.exe', 'pid': 15012, 'username': None, 'vms': 61.73828125}
{'name': 'Code.exe', 'pid': 15284, 'username': 'DESKTOP-6PR7CQU\\Aditya', 'vms': 179.81640625}
{'name': 'svchost.exe', 'pid': 15348, 'username': 'DESKTOP-6PR7CQU\\Aditya', 'vms': 2.7109375}
{'name': 'Widgets.exe', 'pid': 15388, 'username': 'DESKTOP-6PR7CQU\\Aditya', 'vms': 2.53515625}
{'name': 'msedgewebview2.exe', 'pid': 15472, 'username': 'DESKTOP-6PR7CQU\\Aditya', 'vms': 2.09375}
{'name': 'Code.exe', 'pid': 15736, 'username': 'DESKTOP-6PR7CQU\\Aditya', 'vms': 33.0234375}
{'name': 'PhoneExperienceHost.exe', 'pid': 15892, 'username': 'DESKTOP-6PR7CQU\\Aditya', 'vms': 74.13671875}
{'name': 'chrome.exe', 'pid': 15928, 'username': 'DESKTOP-6PR7CQU\\Aditya', 'vms': 139.5078125}
{'name': 'svchost.exe', 'pid': 16044, 'username': 'DESKTOP-6PR7CQU\\Aditya', 'vms': 1.62109375}
{'name': 'XtuService.exe', 'pid': 16120, 'username': None, 'vms': 86.48828125}
{'name': 'msedgewebview2.exe', 'pid': 16132, 'username': 'DESKTOP-6PR7CQU\\Aditya', 'vms': 16.9609375}
{'name': 'SystemSettings.exe', 'pid': 16252, 'username': 'DESKTOP-6PR7CQU\\Aditya', 'vms': 93.7890625}
{'name': 'StartMenuExperienceHost.exe', 'pid': 16268, 'username': 'DESKTOP-6PR7CQU\\Aditya', 'vms': 86.4765625}
{'name': 'conhost.exe', 'pid': 16288, 'username': 'DESKTOP-6PR7CQU\\Aditya', 'vms': 1.23828125}
{'name': 'Code.exe', 'pid': 16332, 'username': 'DESKTOP-6PR7CQU\\Aditya', 'vms': 313.27734375}
{'name': 'NVIDIA Share.exe', 'pid': 16396, 'username': 'DESKTOP-6PR7CQU\\Aditya', 'vms': 47.7578125}
{'name': 'dwm.exe', 'pid': 16400, 'username': None, 'vms': 156.56640625}
{'name': 'msedgewebview2.exe', 'pid': 16556, 'username': 'DESKTOP-6PR7CQU\\Aditya', 'vms': 73.4765625}
{'name': 'EMAILSCN.EXE', 'pid': 16560, 'username': 'DESKTOP-6PR7CQU\\Aditya', 'vms': 6.34375}
{'name': 'WidgetService.exe', 'pid': 16608, 'username': 'DESKTOP-6PR7CQU\\Aditya', 'vms': 4.53125}
{'name': 'utorrentie.exe', 'pid': 16652, 'username': 'DESKTOP-6PR7CQU\\Aditya', 'vms': 3.1484375}
{'name': 'explorer.exe', 'pid': 16664, 'username': 'DESKTOP-6PR7CQU\\Aditya', 'vms': 157.0078125}
{'name': 'Code.exe', 'pid': 16804, 'username': 'DESKTOP-6PR7CQU\\Aditya', 'vms': 41.5078125}
{'name': 'SearchHost.exe', 'pid': 17224, 'username': 'DESKTOP-6PR7CQU\\Aditya', 'vms': 271.38671875}
{'name': 'update.exe', 'pid': 17232, 'username': 'DESKTOP-6PR7CQU\\Aditya', 'vms': 1.1328125}
{'name': 'RuntimeBroker.exe', 'pid': 17344, 'username': 'DESKTOP-6PR7CQU\\Aditya', 'vms': 15.7109375}
{'name': 'svchost.exe', 'pid': 17348, 'username': None, 'vms': 1.1484375}
{'name': 'svchost.exe', 'pid': 17528, 'username': None, 'vms': 4.359375}
{'name': 'Dell.D3.WinSvc.exe', 'pid': 17536, 'username': None, 'vms': 112.67578125}
{'name': 'Code.exe', 'pid': 17624, 'username': 'DESKTOP-6PR7CQU\\Aditya', 'vms': 153.48046875}
{'name': 'Code.exe', 'pid': 17768, 'username': 'DESKTOP-6PR7CQU\\Aditya', 'vms': 148.52734375}
{'name': 'chrome.exe', 'pid': 17776, 'username': 'DESKTOP-6PR7CQU\\Aditya', 'vms': 22.2421875}
{'name': 'msedgewebview2.exe', 'pid': 17784, 'username': 'DESKTOP-6PR7CQU\\Aditya', 'vms': 34.73046875}
{'name': 'conhost.exe', 'pid': 18184, 'username': None, 'vms': 5.30859375}
{'name': 'svchost.exe', 'pid': 18188, 'username': None, 'vms': 2.17578125}
{'name': 'Code.exe', 'pid': 18256, 'username': 'DESKTOP-6PR7CQU\\Aditya', 'vms': 45.65625}
{'name': 'GoogleInputHandler.exe', 'pid': 18424, 'username': 'DESKTOP-6PR7CQU\\Aditya', 'vms': 5.3359375}
{'name': 'conhost.exe', 'pid': 18460, 'username': 'DESKTOP-6PR7CQU\\Aditya', 'vms': 1.234375}
{'name': 'svchost.exe', 'pid': 18796, 'username': None, 'vms': 2.984375}
{'name': 'Code.exe', 'pid': 18940, 'username': 'DESKTOP-6PR7CQU\\Aditya', 'vms': 83.78125}
{'name': 'Code.exe', 'pid': 19100, 'username': 'DESKTOP-6PR7CQU\\Aditya', 'vms': 14.62109375}
{'name': 'vgtray.exe', 'pid': 19324, 'username': 'DESKTOP-6PR7CQU\\Aditya', 'vms': 1.76953125}
{'name': 'msedge.exe', 'pid': 19416, 'username': 'DESKTOP-6PR7CQU\\Aditya', 'vms': 56.078125}
{'name': 'nvsphelper64.exe', 'pid': 19548, 'username': 'DESKTOP-6PR7CQU\\Aditya', 'vms': 3.56640625}
{'name': 'AWCC.Background.Server.exe', 'pid': 19560, 'username': 'DESKTOP-6PR7CQU\\Aditya', 'vms': 36.5625}
{'name': 'ApplicationFrameHost.exe', 'pid': 19568, 'username': 'DESKTOP-6PR7CQU\\Aditya', 'vms': 11.48046875}
{'name': 'powershell.exe', 'pid': 19628, 'username': 'DESKTOP-6PR7CQU\\Aditya', 'vms': 53.38671875}
{'name': 'utorrentie.exe', 'pid': 19748, 'username': 'DESKTOP-6PR7CQU\\Aditya', 'vms': 3.1171875}
{'name': 'ShellExperienceHost.exe', 'pid': 19920, 'username': 'DESKTOP-6PR7CQU\\Aditya', 'vms': 44.16796875}
{'name': 'svchost.exe', 'pid': 20008, 'username': None, 'vms': 21.37890625}
{'name': 'RuntimeBroker.exe', 'pid': 20388, 'username': 'DESKTOP-6PR7CQU\\Aditya', 'vms': 6.4609375}
